/*C12*/SET SCHEMA PUBLIC
INSERT INTO MEASUREMENT VALUES(2,'string',0,0,'2024-06-14','2024-06-14')
COMMIT
INSERT INTO MEASUREMENT VALUES(3,'string',0,0,'2024-06-14','2024-06-14')
COMMIT
INSERT INTO MEASUREMENT VALUES(4,'string',0,0,'2024-06-14','2024-06-14')
COMMIT
INSERT INTO MEASUREMENT VALUES(5,'name 4',0,4,'2024-06-14','2024-06-14')
COMMIT
DISCONNECT
/*C13*/SET SCHEMA PUBLIC
DISCONNECT
/*C14*/SET SCHEMA PUBLIC
DISCONNECT
/*C15*/SET SCHEMA PUBLIC
DISCONNECT
/*C16*/SET SCHEMA PUBLIC
DISCONNECT
/*C17*/SET SCHEMA PUBLIC
DISCONNECT
/*C18*/SET SCHEMA PUBLIC
DISCONNECT
/*C19*/SET SCHEMA PUBLIC
DISCONNECT
/*C20*/SET SCHEMA PUBLIC
DISCONNECT
/*C21*/SET SCHEMA PUBLIC
DISCONNECT
